Case #1: 1 0
Case #2: 1 0
Case #3: 1 1
Case #4: 0 0
Case #5: 500 499
Case #6: 0 0
Case #7: 0 0
Case #8: 1 0
Case #9: 1 0
Case #10: 250000 249999
Case #11: 0 0
Case #12: 0 0
Case #13: 1 1
Case #14: 0 0
Case #15: 0 0
Case #16: 499999 499999
Case #17: 0 0
Case #18: 0 0
Case #19: 0 0
Case #20: 0 0
Case #21: 1 1
Case #22: 250000 249999
Case #23: 1 0
Case #24: 3905 3905
Case #25: 0 0
Case #26: 0 0
Case #27: 0 0
Case #28: 3906 3905
Case #29: 1 0
Case #30: 1 0
Case #31: 2 1
Case #32: 0 0
Case #33: 0 0
Case #34: 1 0
Case #35: 0 0
Case #36: 0 0
Case #37: 2 2
Case #38: 3906 3905
Case #39: 0 0
Case #40: 0 0
Case #41: 1 1
Case #42: 0 0
Case #43: 0 0
Case #44: 0 0
Case #45: 1 1
Case #46: 0 0
Case #47: 0 0
Case #48: 3 2
Case #49: 0 0
Case #50: 0 0
Case #51: 0 0
Case #52: 0 0
Case #53: 1 1
Case #54: 1 0
Case #55: 0 0
Case #56: 0 0
Case #57: 3 2
Case #58: 0 0
Case #59: 1 0
Case #60: 1 0
Case #61: 1 1
Case #62: 0 0
Case #63: 1 1
Case #64: 1 0
Case #65: 7812 7811
Case #66: 1953 1952
Case #67: 1 0
Case #68: 1 1
Case #69: 0 0
Case #70: 1 0
Case #71: 0 0
Case #72: 500000 499999
Case #73: 0 0
Case #74: 0 0
Case #75: 7812 7811
Case #76: 0 0
Case #77: 1 0
Case #78: 1 0
Case #79: 0 0
Case #80: 0 0
Case #81: 1 1
Case #82: 0 0
Case #83: 1 0
Case #84: 0 0
Case #85: 1 0
Case #86: 0 0
Case #87: 1 0
Case #88: 0 0
Case #89: 0 0
Case #90: 0 0
Case #91: 249999 249999
Case #92: 1 0
Case #93: 0 0
Case #94: 0 0
Case #95: 1 1
Case #96: 1 0
Case #97: 0 0
Case #98: 0 0
Case #99: 125000 124999
Case #100: 3 2
