Case #1: 1 0
Case #2: 1 0
Case #3: 1 1
Case #4: 0 0
Case #5: 500 499
Case #6: 1 0
Case #7: 1 1
Case #8: 0 0
Case #9: 1 1
Case #10: 7 6
Case #11: 0 0
Case #12: 1 0
Case #13: 0 0
Case #14: 0 0
Case #15: 1 1
Case #16: 250 249
Case #17: 0 0
Case #18: 0 0
Case #19: 0 0
Case #20: 0 0
Case #21: 125 124
Case #22: 1 0
Case #23: 0 0
Case #24: 249 249
Case #25: 0 0
Case #26: 1 0
Case #27: 3 2
Case #28: 0 0
Case #29: 0 0
Case #30: 1 0
Case #31: 3 2
Case #32: 0 0
Case #33: 0 0
Case #34: 0 0
Case #35: 0 0
Case #36: 3 3
Case #37: 1 0
Case #38: 0 0
Case #39: 0 0
Case #40: 0 0
Case #41: 2 2
Case #42: 1 0
Case #43: 1 0
Case #44: 1 1
Case #45: 250 249
Case #46: 1 0
Case #47: 1 0
Case #48: 1 1
Case #49: 0 0
Case #50: 0 0
Case #51: 0 0
Case #52: 1 0
Case #53: 1 0
Case #54: 0 0
Case #55: 0 0
Case #56: 0 0
Case #57: 1 0
Case #58: 1 0
Case #59: 1 0
Case #60: 0 0
Case #61: 0 0
Case #62: 0 0
Case #63: 2 1
Case #64: 0 0
Case #65: 0 0
Case #66: 0 0
Case #67: 0 0
Case #68: 1 0
Case #69: 1 1
Case #70: 0 0
Case #71: 0 0
Case #72: 0 0
Case #73: 499 499
Case #74: 3 3
Case #75: 1 1
Case #76: 0 0
Case #77: 0 0
Case #78: 0 0
Case #79: 0 0
Case #80: 3 2
Case #81: 0 0
Case #82: 1 1
Case #83: 0 0
Case #84: 0 0
Case #85: 3 3
Case #86: 0 0
Case #87: 0 0
Case #88: 0 0
Case #89: 3 2
Case #90: 1 1
Case #91: 0 0
Case #92: 1 1
Case #93: 7 6
Case #94: 1 0
Case #95: 0 0
Case #96: 0 0
Case #97: 3 3
Case #98: 1 0
Case #99: 1 0
Case #100: 0 0
